<?xml version="1.0" encoding="UTF-8"?>
<testng-results skipped="0" failed="0" total="2" passed="2">
  <reporter-output>
  </reporter-output>
  <suite name="Suite" duration-ms="28" started-at="2019-08-09T13:33:44Z" finished-at="2019-08-09T13:33:44Z">
    <groups>
    </groups>
    <test name="Test" duration-ms="28" started-at="2019-08-09T13:33:44Z" finished-at="2019-08-09T13:33:44Z">
      <class name="com.tests.login">
        <test-method status="PASS" signature="add()[pri:0, instance:com.tests.login@215be6bb]" name="add" is-config="true" duration-ms="4" started-at="2019-08-09T19:03:44Z" finished-at="2019-08-09T19:03:44Z">
          <reporter-output>
          </reporter-output>
        </test-method> <!-- add -->
        <test-method status="PASS" signature="sub()[pri:0, instance:com.tests.login@215be6bb]" name="sub" duration-ms="4" started-at="2019-08-09T19:03:44Z" finished-at="2019-08-09T19:03:44Z">
          <reporter-output>
          </reporter-output>
        </test-method> <!-- sub -->
        <test-method status="PASS" signature="div()[pri:0, instance:com.tests.login@215be6bb]" name="div" is-config="true" duration-ms="1" started-at="2019-08-09T19:03:44Z" finished-at="2019-08-09T19:03:44Z">
          <reporter-output>
          </reporter-output>
        </test-method> <!-- div -->
        <test-method status="PASS" signature="add()[pri:0, instance:com.tests.login@215be6bb]" name="add" is-config="true" duration-ms="0" started-at="2019-08-09T19:03:44Z" finished-at="2019-08-09T19:03:44Z">
          <reporter-output>
          </reporter-output>
        </test-method> <!-- add -->
        <test-method status="PASS" signature="mul()[pri:0, instance:com.tests.login@215be6bb]" name="mul" duration-ms="1" started-at="2019-08-09T19:03:44Z" finished-at="2019-08-09T19:03:44Z">
          <reporter-output>
          </reporter-output>
        </test-method> <!-- mul -->
        <test-method status="PASS" signature="div()[pri:0, instance:com.tests.login@215be6bb]" name="div" is-config="true" duration-ms="0" started-at="2019-08-09T19:03:44Z" finished-at="2019-08-09T19:03:44Z">
          <reporter-output>
          </reporter-output>
        </test-method> <!-- div -->
      </class> <!-- com.tests.login -->
    </test> <!-- Test -->
  </suite> <!-- Suite -->
</testng-results>
